<?xml version="1.0" encoding="UTF-8"?>
<testsuite name="ru.netology.WallServiceTest" tests="3" skipped="0" failures="0" errors="0" timestamp="2021-05-22T20:51:25" hostname="COMPUTER" time="0.056">
  <properties/>
  <testcase name="updateFalse" classname="ru.netology.WallServiceTest" time="0.046"/>
  <testcase name="updateTrue" classname="ru.netology.WallServiceTest" time="0.008"/>
  <testcase name="addPostIdNotZero" classname="ru.netology.WallServiceTest" time="0.001"/>
  <system-out><![CDATA[]]></system-out>
  <system-err><![CDATA[]]></system-err>
</testsuite>
